Vivado Simulator 2017.4
Time resolution is 1 ps
CORRECT: actual:     4, expected:   4
CORRECT: actual:     6, expected:   6
CORRECT: actual:     8, expected:   8
CORRECT: actual:    10, expected:  10
CORRECT: actual:    12, expected:  12
CORRECT: actual:    14, expected:  14
CORRECT: actual:    16, expected:  16
CORRECT: actual:    18, expected:  18
CORRECT: actual:    20, expected:  20
CORRECT: actual:    22, expected:  22
CORRECT: actual:    24, expected:  24
CORRECT: actual:    26, expected:  26
CORRECT: actual:    28, expected:  28
CORRECT: actual:    30, expected:  30
CORRECT: actual:    32, expected:  32
CORRECT: actual:    34, expected:  34
CORRECT: actual:    36, expected:  36
CORRECT: actual:    38, expected:  38
CORRECT: actual:    40, expected:  40
CORRECT: actual:    42, expected:  42
CORRECT: actual:    44, expected:  44
CORRECT: actual:    46, expected:  46
CORRECT: actual:    48, expected:  48
CORRECT: actual:    50, expected:  50
CORRECT: actual:    52, expected:  52
CORRECT: actual:    54, expected:  54
CORRECT: actual:    56, expected:  56
CORRECT: actual:    58, expected:  58
CORRECT: actual:    60, expected:  60
CORRECT: actual:    62, expected:  62
CORRECT: actual:    64, expected:  64
CORRECT: actual:    66, expected:  66
CORRECT: actual:    68, expected:  68
CORRECT: actual:    70, expected:  70
CORRECT: actual:    72, expected:  72
CORRECT: actual:    74, expected:  74
CORRECT: actual:    76, expected:  76
CORRECT: actual:    78, expected:  78
CORRECT: actual:    80, expected:  80
CORRECT: actual:    82, expected:  82
CORRECT: actual:    84, expected:  84
CORRECT: actual:    86, expected:  86
CORRECT: actual:    88, expected:  88
CORRECT: actual:    90, expected:  90
CORRECT: actual:    92, expected:  92
CORRECT: actual:    94, expected:  94
CORRECT: actual:    96, expected:  96
CORRECT: actual:    98, expected:  98
CORRECT: actual:   100, expected: 100
CORRECT: actual:   102, expected: 102
CORRECT: actual:   104, expected: 104
CORRECT: actual:   106, expected: 106
CORRECT: actual:   108, expected: 108
CORRECT: actual:   110, expected: 110
CORRECT: actual:   112, expected: 112
CORRECT: actual:   114, expected: 114
CORRECT: actual:   116, expected: 116
CORRECT: actual:   118, expected: 118
CORRECT: actual:   120, expected: 120
CORRECT: actual:   122, expected: 122
CORRECT: actual:   124, expected: 124
CORRECT: actual:   126, expected: 126
CORRECT: actual:   128, expected: 128
CORRECT: actual:   130, expected: 130
CORRECT: actual:   132, expected: 132
CORRECT: actual:   134, expected: 134
CORRECT: actual:   136, expected: 136
CORRECT: actual:   138, expected: 138
CORRECT: actual:   140, expected: 140
CORRECT: actual:   142, expected: 142
CORRECT: actual:   144, expected: 144
CORRECT: actual:   146, expected: 146
CORRECT: actual:   148, expected: 148
CORRECT: actual:   150, expected: 150
CORRECT: actual:   152, expected: 152
CORRECT: actual:   154, expected: 154
CORRECT: actual:   156, expected: 156
CORRECT: actual:   158, expected: 158
CORRECT: actual:   160, expected: 160
CORRECT: actual:   162, expected: 162
CORRECT: actual:   164, expected: 164
CORRECT: actual:   166, expected: 166
CORRECT: actual:   168, expected: 168
CORRECT: actual:   170, expected: 170
CORRECT: actual:   172, expected: 172
CORRECT: actual:   174, expected: 174
CORRECT: actual:   176, expected: 176
CORRECT: actual:   178, expected: 178
CORRECT: actual:   180, expected: 180
CORRECT: actual:   182, expected: 182
CORRECT: actual:   184, expected: 184
CORRECT: actual:   186, expected: 186
CORRECT: actual:   188, expected: 188
CORRECT: actual:   190, expected: 190
CORRECT: actual:   192, expected: 192
CORRECT: actual:   194, expected: 194
CORRECT: actual:   196, expected: 196
CORRECT: actual:   198, expected: 198
CORRECT: actual:   200, expected: 200
CORRECT: actual:   202, expected: 202
CORRECT: actual:   204, expected: 204
CORRECT: actual:   206, expected: 206
CORRECT: actual:   208, expected: 208
CORRECT: actual:   210, expected: 210
CORRECT: actual:   212, expected: 212
CORRECT: actual:   214, expected: 214
CORRECT: actual:   216, expected: 216
CORRECT: actual:   218, expected: 218
CORRECT: actual:   220, expected: 220
CORRECT: actual:   222, expected: 222
CORRECT: actual:   224, expected: 224
CORRECT: actual:   226, expected: 226
CORRECT: actual:   228, expected: 228
CORRECT: actual:   230, expected: 230
CORRECT: actual:   232, expected: 232
CORRECT: actual:   234, expected: 234
CORRECT: actual:   236, expected: 236
CORRECT: actual:   238, expected: 238
CORRECT: actual:   240, expected: 240
CORRECT: actual:   242, expected: 242
CORRECT: actual:   244, expected: 244
CORRECT: actual:   246, expected: 246
CORRECT: actual:   248, expected: 248
CORRECT: actual:   250, expected: 250
CORRECT: actual:   252, expected: 252
CORRECT: actual:   254, expected: 254
